<?xml version="1.0" encoding="UTF-8"?>
<testsuite name="com.bridgelabz.UserRegistrationTest" tests="1" skipped="0" failures="0" errors="0" timestamp="2021-05-28T17:13:02" hostname="SAINATH" time="0.003">
  <properties/>
  <testcase name="givenMobileNumber_whenValid_returnTrue" classname="com.bridgelabz.UserRegistrationTest" time="0.003"/>
  <system-out><![CDATA[]]></system-out>
  <system-err><![CDATA[]]></system-err>
</testsuite>
