<?xml version="1.0" encoding="UTF-8"?>
<testsuite name="com.bridgelabz.UserRegistrationTest" tests="1" skipped="0" failures="0" errors="0" timestamp="2021-05-28T18:40:57" hostname="SAINATH" time="0.013">
  <properties/>
  <testcase name="givenPassword_whenHave_oneSpecialChar_returnTrue" classname="com.bridgelabz.UserRegistrationTest" time="0.013"/>
  <system-out><![CDATA[]]></system-out>
  <system-err><![CDATA[]]></system-err>
</testsuite>
