<?xml version="1.0" encoding="UTF-8"?>
<testsuite name="com.bridgelabz.EmailValidator" tests="8" skipped="0" failures="0" errors="0" timestamp="2021-05-28T16:45:14" hostname="SAINATH" time="0.02">
  <properties/>
  <testcase name="emailChecker[0]" classname="com.bridgelabz.EmailValidator" time="0.002"/>
  <testcase name="emailChecker[1]" classname="com.bridgelabz.EmailValidator" time="0.0"/>
  <testcase name="emailChecker[2]" classname="com.bridgelabz.EmailValidator" time="0.001"/>
  <testcase name="emailChecker[3]" classname="com.bridgelabz.EmailValidator" time="0.001"/>
  <testcase name="emailChecker[4]" classname="com.bridgelabz.EmailValidator" time="0.001"/>
  <testcase name="emailChecker[5]" classname="com.bridgelabz.EmailValidator" time="0.002"/>
  <testcase name="emailChecker[6]" classname="com.bridgelabz.EmailValidator" time="0.001"/>
  <testcase name="emailChecker[7]" classname="com.bridgelabz.EmailValidator" time="0.002"/>
  <system-out><![CDATA[]]></system-out>
  <system-err><![CDATA[]]></system-err>
</testsuite>
