<?xml version="1.0" encoding="UTF-8"?>
<testsuite name="com.bridgelabz.UserRegistrationTest" tests="1" skipped="0" failures="0" errors="0" timestamp="2021-05-28T17:59:17" hostname="SAINATH" time="0.011">
  <properties/>
  <testcase name="givenPassword_whenHave_Min1NumericNum_returnTrue" classname="com.bridgelabz.UserRegistrationTest" time="0.011"/>
  <system-out><![CDATA[]]></system-out>
  <system-err><![CDATA[]]></system-err>
</testsuite>
